<?xml version="1.0" encoding="UTF-8"?>
<coverage generated="1657040151">
  <project timestamp="1657040151">
    <file name="/home/runner/work/dateformat-to-regex/dateformat-to-regex/src/DateFormatToRegex.php">
      <class name="Apie\DateformatToRegex\DateFormatToRegex" namespace="global">
        <metrics complexity="11" methods="3" coveredmethods="3" conditionals="0" coveredconditionals="0" statements="29" coveredstatements="29" elements="32" coveredelements="32"/>
      </class>
      <line num="49" type="method" name="formatToRegex" visibility="public" complexity="1" crap="1" count="44"/>
      <line num="51" type="stmt" count="44"/>
      <line num="53" type="stmt" count="44"/>
      <line num="56" type="method" name="createRegex" visibility="private" complexity="8" crap="8" count="44"/>
      <line num="58" type="stmt" count="44"/>
      <line num="59" type="stmt" count="44"/>
      <line num="60" type="stmt" count="44"/>
      <line num="61" type="stmt" count="44"/>
      <line num="62" type="stmt" count="4"/>
      <line num="63" type="stmt" count="4"/>
      <line num="64" type="stmt" count="4"/>
      <line num="66" type="stmt" count="44"/>
      <line num="67" type="stmt" count="4"/>
      <line num="68" type="stmt" count="4"/>
      <line num="70" type="stmt" count="44"/>
      <line num="72" type="stmt" count="1"/>
      <line num="73" type="stmt" count="1"/>
      <line num="75" type="stmt" count="44"/>
      <line num="76" type="stmt" count="1"/>
      <line num="77" type="stmt" count="1"/>
      <line num="79" type="stmt" count="44"/>
      <line num="80" type="stmt" count="1"/>
      <line num="81" type="stmt" count="1"/>
      <line num="83" type="stmt" count="43"/>
      <line num="84" type="stmt" count="43"/>
      <line num="86" type="stmt" count="7"/>
      <line num="89" type="stmt" count="44"/>
      <line num="92" type="method" name="createTimezoneIdentifierRegex" visibility="public" complexity="2" crap="2" count="1"/>
      <line num="94" type="stmt" count="1"/>
      <line num="97" type="stmt" count="1"/>
      <line num="98" type="stmt" count="1"/>
      <line num="100" type="stmt" count="1"/>
      <metrics loc="103" ncloc="65" classes="1" methods="3" coveredmethods="3" conditionals="0" coveredconditionals="0" statements="29" coveredstatements="29" elements="32" coveredelements="32"/>
    </file>
    <metrics files="1" loc="103" ncloc="65" classes="1" methods="3" coveredmethods="3" conditionals="0" coveredconditionals="0" statements="29" coveredstatements="29" elements="32" coveredelements="32"/>
  </project>
</coverage>
